app/seeds.txt
com.kee.helloworld.R$mipmap
com.kee.helloworld.R$drawable
com.kee.helloworld.databinding.LayoutMainBinding
com.kee.helloworld.R$color
com.kee.helloworld.phonenum.LoginActivity
com.kee.helloworld.phonenum.MainActivity
com.kee.helloworld.R$style
com.kee.helloworld.contact.ContactPickDemoActivity
com.kee.helloworld.R$string
com.kee.helloworld.phonenum.EmailActivity
com.kee.helloworld.sms.SmsMainActivity
com.kee.helloworld.R$xml
com.kee.helloworld.applist.AppListMainActivity
com.kee.helloworld.camera.CameraMainActivity
com.kee.helloworld.R$layout
com.kee.helloworld.R$id
com.kee.helloworld.R$xml: int data_extraction_rules
com.kee.helloworld.R$color: int purple_500
com.kee.helloworld.R$id: int text
com.kee.helloworld.R$drawable: int ic_launcher_foreground
com.kee.helloworld.R$id: int textsss
com.kee.helloworld.R$drawable: int ic_launcher_background
com.kee.helloworld.R$string: int oyiqe
com.kee.helloworld.R$layout: int activity_contact_pick_demo
com.kee.helloworld.R$string: int cfoheuu
com.kee.helloworld.R$string: int thrumid
com.kee.helloworld.R$mipmap: int ic_launcher
com.kee.helloworld.R$string: int vsaksh
com.kee.helloworld.R$string: int hyngm
com.kee.helloworld.R$string: int ntv
com.kee.helloworld.R$mipmap: int ic_launcher_round
com.kee.helloworld.R$color: int teal_700
com.kee.helloworld.R$string: int fckcxr
com.kee.helloworld.R$string: int kssicck
com.kee.helloworld.R$string: int jcc
com.kee.helloworld.R$string: int kruqpx
com.kee.helloworld.R$color: int teal_200
com.kee.helloworld.R$string: int agqj
com.kee.helloworld.R$layout: int layout_main
com.kee.helloworld.R$color: int white
com.kee.helloworld.R$string: int cffnu
com.kee.helloworld.R$string: int app_name
com.kee.helloworld.R$color: int black
com.kee.helloworld.R$string: int xepx
com.kee.helloworld.R$string: int xhai
com.kee.helloworld.R$id: int demo_result
com.kee.helloworld.R$string: int yuqz
com.kee.helloworld.R$style: int Theme_HelloWorld
com.kee.helloworld.R$xml: int backup_rules
com.kee.helloworld.R$color: int purple_700
com.kee.helloworld.R$id: int demo_pick
com.kee.helloworld.R$color: int highlight_sky
com.kee.helloworld.R$string: int ccmbo
com.kee.helloworld.R$string: int mtb
com.kee.helloworld.R$color: int purple_200
com.kee.helloworld.R$layout: int layout_email
com.kee.helloworld.R$string: int qcffxjd
com.kee.helloworld.R$id: int demo_env
com.kee.helloworld.R$string: int nloqlr
com.kee.helloworld.phonenum.LoginActivity: LoginActivity()
com.kee.helloworld.R$drawable: R$drawable()
com.kee.helloworld.R$xml: R$xml()
com.kee.helloworld.applist.AppListMainActivity: AppListMainActivity()
com.kee.helloworld.R$layout: R$layout()
com.kee.helloworld.R$id: R$id()
com.kee.helloworld.sms.SmsMainActivity: SmsMainActivity()
com.kee.helloworld.camera.CameraMainActivity: CameraMainActivity()
com.kee.helloworld.R$style: R$style()
com.kee.helloworld.phonenum.EmailActivity: EmailActivity()
com.kee.helloworld.phonenum.MainActivity: MainActivity()
com.kee.helloworld.R$mipmap: R$mipmap()
com.kee.helloworld.R$string: R$string()
com.kee.helloworld.contact.ContactPickDemoActivity: ContactPickDemoActivity()
com.kee.helloworld.R$color: R$color()
...
com.google.android.material.R$styleable: int MaterialCalendarItem_android_insetBottom
androidx.constraintlayout.widget.R$styleable: int ConstraintSet_flow_lastHorizontalStyle
androidx.core.widget.EdgeEffectCompat: android.widget.EdgeEffect mEdgeEffect
com.google.android.material.R$styleable: int ConstraintLayout_Layout_android_visibility
com.google.android.gms.internal.auth-api-phone.zzr: com.google.android.gms.common.api.Api$ClientKey zza
androidx.camera.core.imagecapture.AutoValue_CaptureNode_In: int postviewImageFormat
androidx.appcompat.app.ToolbarActionBar: boolean mMenuCallbackSet
com.google.android.material.slider.BaseSlider: int labelBehavior
androidx.constraintlayout.widget.R$attr: int customColorValue
androidx.core.view.WindowInsetsCompat$Type: int FIRST
com.google.android.material.color.HarmonizedColorsOptions$Builder: com.google.android.material.color.HarmonizedColorAttributes colorAttributes
androidx.camera.core.imagecapture.ProcessingRequest: androidx.camera.core.ImageCapture$OutputFileOptions mOutputFileOptions
com.google.android.material.internal.NavigationMenuPresenter: int paddingTopDefault
com.google.android.material.R$style: int Widget_Design_NavigationView
androidx.constraintlayout.widget.R$attr: int autoSizeTextType
com.google.android.gms.auth.AccountChangeEvent: int zze
androidx.constraintlayout.widget.R$attr: int titleMargin
androidx.constraintlayout.widget.R$styleable: int ConstraintLayout_Layout_flow_wrapMode
com.google.android.material.R$styleable: int AppCompatTheme_buttonBarButtonStyle
androidx.transition.Transition: androidx.transition.PathMotion mPathMotion
androidx.constraintlayout.widget.R$styleable: int AppCompatTheme_panelMenuListWidth
androidx.camera.core.imagecapture.JpegBytes2Disk: int PENDING
androidx.constraintlayout.widget.R$styleable: int FontFamilyFont_android_font
com.google.android.material.R$style: int Widget_Material3_Search_ActionButton_Overflow
com.google.android.material.R$attr: int thumbColor
com.google.android.material.R$color: int m3_sys_color_light_surface_container_low
androidx.core.view.ViewCompat$UnhandledKeyEventManager: java.lang.ref.WeakReference mLastDispatchedPreViewKeyEvent
com.google.android.gms.auth.api.identity.SignInCredential: com.google.android.gms.fido.fido2.api.common.PublicKeyCredential zbi
com.google.android.material.R$drawable: int btn_radio_on_to_off_mtrl_animation
androidx.camera.core.processing.OpenGlRenderer: java.util.concurrent.atomic.AtomicBoolean mInitialized
com.google.android.material.R$color: int m3_sys_color_dynamic_dark_on_error
com.google.android.material.tabs.TabLayout$Tab: java.lang.CharSequence text
com.google.android.material.textfield.TextInputLayout: int startDummyDrawableWidth
com.google.android.gms.fido.fido2.api.common.PublicKeyCredentialCreationOptions$Builder: java.lang.Integer zzh
androidx.transition.Visibility: int mMode
com.google.android.material.R$attr: int progressBarPadding
androidx.camera.core.processing.SurfaceOutputImpl: android.util.Size mSize
com.google.android.gms.common.api.internal.TaskApiCall$Builder: int zad
com.google.android.gms.common.server.response.FastParser: java.lang.StringBuilder zar
com.google.android.material.R$color: int bright_foreground_inverse_material_light
com.google.android.gms.common.api.internal.zabu: com.google.android.gms.common.api.Api$Client zab
com.google.android.material.datepicker.MaterialDatePicker: java.lang.Object CANCEL_BUTTON_TAG
androidx.appcompat.app.AlertController: int mCheckedItem
androidx.core.app.FrameMetricsAggregator: int COMMAND_INDEX
com.google.android.material.bottomappbar.BottomAppBar$7: boolean cancelled
androidx.core.R$id: int hide_ime_id
kotlin.collections.builders.MapBuilder: int modCount
androidx.camera.core.LayoutSettings: float mOffsetY
com.google.android.material.R$styleable: int KeyTimeCycle_waveDecay
androidx.core.app.NotificationCompat: int BADGE_ICON_SMALL
com.google.android.material.R$styleable: int ConstraintSet_android_maxHeight