app/mapping.txt
# compiler: R8
# compiler_version: 8.11.26
# min_api: 24
# common_typos_disable
# {"id":"com.android.tools.r8.mapping","version":"2.2"}
# pg_map_id: d176171
# pg_map_hash: SHA-256 d17617129684a2d6fdffa30faf30d39bfcef72033c9895180d40ce7ee693a1f8
com.kee.helloworld.applist.AppListMainActivity -> com.kee.helloworld.applist.AppListMainActivity:
# {"id":"sourceFile","fileName":"AppListMainActivity.kt"}
    kotlin.Lazy binding$delegate -> c
    1:3:void <init>():17:17 -> <init>
    4:15:void <init>():19:19 -> <init>
    1:1:void $r8$lambda$j6gNQfYb06hkco0aw2ArPZY7H5c(com.kee.helloworld.applist.AppListMainActivity):0:0 -> k
      # {"id":"com.android.tools.r8.synthesized"}
    1:1:com.kee.helloworld.databinding.LayoutMainBinding $r8$lambda$ldAktVkwJDLYICtsOWACUSSUKkM(com.kee.helloworld.applist.AppListMainActivity):0:0 -> l
      # {"id":"com.android.tools.r8.synthesized"}
    1:9:com.kee.helloworld.databinding.LayoutMainBinding binding_delegate$lambda$0(com.kee.helloworld.applist.AppListMainActivity):19:19 -> m
    1:9:com.kee.helloworld.databinding.LayoutMainBinding getBinding():19:19 -> n
    6:10:java.lang.String getDeviceInfo(java.lang.String):37:37 -> o
    11:35:java.lang.String getDeviceInfo(java.lang.String):39:39 -> o
    36:40:java.lang.String getDeviceInfo(java.lang.String):42:42 -> o
    41:55:java.lang.String getDeviceInfo(java.lang.String):43:43 -> o
    56:68:java.lang.String getDeviceInfo(java.lang.String):44:44 -> o
    69:81:java.lang.String getDeviceInfo(java.lang.String):45:45 -> o
    82:96:java.lang.String getDeviceInfo(java.lang.String):46:46 -> o
    97:101:java.lang.String getDeviceInfo(java.lang.String):50:50 -> o
    102:114:java.lang.String getDeviceInfo(java.lang.String):51:51 -> o
com.kee.helloworld.applist.AppListMainActivity$$ExternalSyntheticApiModelOutline0 -> q.a:
# {"id":"sourceFile","fileName":"R8$$SyntheticClass"}
# {"id":"com.android.tools.r8.synthesized"}
    1:1:java.lang.String q.AppListMainActivity$$ExternalSyntheticApiModelOutline0.m():0:0 -> a
      # {"id":"com.android.tools.r8.synthesized"}
com.kee.helloworld.applist.AppListMainActivity$$ExternalSyntheticApiModelOutline1 -> q.b:
# {"id":"sourceFile","fileName":"R8$$SyntheticClass"}
# {"id":"com.android.tools.r8.synthesized"}
    1:1:android.content.pm.PackageManager$ResolveInfoFlags q.AppListMainActivity$$ExternalSyntheticApiModelOutline1.m(long):0:0 -> a
      # {"id":"com.android.tools.r8.synthesized"}
com.kee.helloworld.applist.AppListMainActivity$$ExternalSyntheticApiModelOutline2 -> q.c:
# {"id":"sourceFile","fileName":"R8$$SyntheticClass"}
# {"id":"com.android.tools.r8.synthesized"}
    1:1:java.util.List q.AppListMainActivity$$ExternalSyntheticApiModelOutline2.m(android.content.pm.PackageManager,android.content.Intent,android.content.pm.PackageManager$ResolveInfoFlags):0:0 -> a
      # {"id":"com.android.tools.r8.synthesized"}
com.kee.helloworld.applist.AppListMainActivity$$ExternalSyntheticApiModelOutline3 -> q.d:
# {"id":"sourceFile","fileName":"R8$$SyntheticClass"}
# {"id":"com.android.tools.r8.synthesized"}
    1:1:android.content.pm.PackageManager$PackageInfoFlags q.AppListMainActivity$$ExternalSyntheticApiModelOutline3.m(long):0:0 -> a
      # {"id":"com.android.tools.r8.synthesized"}
com.kee.helloworld.applist.AppListMainActivity$$ExternalSyntheticApiModelOutline4 -> q.e:
# {"id":"sourceFile","fileName":"R8$$SyntheticClass"}
# {"id":"com.android.tools.r8.synthesized"}
    1:1:android.content.pm.PackageInfo q.AppListMainActivity$$ExternalSyntheticApiModelOutline4.m(android.content.pm.PackageManager,java.lang.String,android.content.pm.PackageManager$PackageInfoFlags):0:0 -> a
      # {"id":"com.android.tools.r8.synthesized"}
...
androidx.camera.view.internal.compat.quirk.DeviceQuirks -> androidx.camera.view.internal.compat.quirk.DeviceQuirks:
# {"id":"sourceFile","fileName":"DeviceQuirks.java"}
    androidx.camera.core.impl.Quirks sQuirks -> a
    1:17:void <clinit>():47:47 -> <clinit>
    1:11:void lambda$static$0(androidx.camera.core.impl.QuirkSettings):48:48 -> a
    12:40:void lambda$static$0(androidx.camera.core.impl.QuirkSettings):49:49 -> a
    1:7:androidx.camera.core.impl.Quirk get(java.lang.Class):65:65 -> b
androidx.camera.view.internal.compat.quirk.DeviceQuirks$$ExternalSyntheticLambda0 -> j.a:
# {"id":"sourceFile","fileName":"R8$$SyntheticClass"}
# {"id":"com.android.tools.r8.synthesized"}
    1:1:void j.DeviceQuirks$$ExternalSyntheticLambda0.<init>():0:0 -> <init>
      # {"id":"com.android.tools.r8.synthesized"}
    1:1:void j.DeviceQuirks$$ExternalSyntheticLambda0.accept(java.lang.Object):0:0 -> accept
      # {"id":"com.android.tools.r8.synthesized"}
androidx.camera.view.internal.compat.quirk.DeviceQuirksLoader -> androidx.camera.view.internal.compat.quirk.DeviceQuirksLoader:
# {"id":"sourceFile","fileName":"DeviceQuirksLoader.java"}
    1:5:java.util.List loadQuirks(androidx.camera.core.impl.QuirkSettings):40:40 -> a
    6:7:java.util.List loadQuirks(androidx.camera.core.impl.QuirkSettings):42:42 -> a
    8:11:java.util.List loadQuirks(androidx.camera.core.impl.QuirkSettings):43:43 -> a
    12:17:java.util.List loadQuirks(androidx.camera.core.impl.QuirkSettings):42:42 -> a
    18:25:java.util.List loadQuirks(androidx.camera.core.impl.QuirkSettings):44:44 -> a
    26:27:java.util.List loadQuirks(androidx.camera.core.impl.QuirkSettings):47:47 -> a
    28:31:java.util.List loadQuirks(androidx.camera.core.impl.QuirkSettings):48:48 -> a
    32:37:java.util.List loadQuirks(androidx.camera.core.impl.QuirkSettings):47:47 -> a
    38:46:java.util.List loadQuirks(androidx.camera.core.impl.QuirkSettings):49:49 -> a
androidx.camera.view.internal.compat.quirk.SurfaceViewNotCroppedByParentQuirk -> androidx.camera.view.internal.compat.quirk.SurfaceViewNotCroppedByParentQuirk:
# {"id":"sourceFile","fileName":"SurfaceViewNotCroppedByParentQuirk.java"}
    1:4:void <init>():34:34 -> <init>
    1:14:boolean load():40:40 -> c
    15:24:boolean load():41:41 -> c
androidx.camera.view.internal.compat.quirk.SurfaceViewStretchedQuirk -> androidx.camera.view.internal.compat.quirk.SurfaceViewStretchedQuirk:
# {"id":"sourceFile","fileName":"SurfaceViewStretchedQuirk.java"}
    1:4:void <init>():33:33 -> <init>
    1:14:boolean isLenovoTablet():62:62 -> c
    15:24:boolean isLenovoTablet():63:63 -> c
    1:14:boolean isOppoFoldable():57:57 -> d
    15:24:boolean isOppoFoldable():58:58 -> d
    1:12:boolean isSamsungFold2OrFold3():51:51 -> e
    13:22:boolean isSamsungFold2OrFold3():52:52 -> e
    23:32:boolean isSamsungFold2OrFold3():53:53 -> e
    1:6:boolean load():46:46 -> f
    7:28:boolean load():47:47 -> f
androidx.camera.view.transform.OutputTransform -> androidx.camera.view.transform.OutputTransform:
# {"id":"sourceFile","fileName":"OutputTransform.java"}
    android.graphics.Matrix mMatrix -> a
    android.util.Size mViewPortSize -> b
    1:3:void <init>(android.graphics.Matrix,android.util.Size):55:55 -> <init>
    4:5:void <init>(android.graphics.Matrix,android.util.Size):56:56 -> <init>
    6:8:void <init>(android.graphics.Matrix,android.util.Size):57:57 -> <init>