app/unused.txt
com.kee.helloworld.R
com.kee.helloworld.applist.AppListMainActivity:
    public final java.lang.String getAndroidVersion()
    public final java.lang.String getDeviceModel()
    public final java.lang.String getSimpleDeviceInfo()
com.kee.helloworld.databinding.ActivityContactPickDemoBinding
com.kee.helloworld.databinding.LayoutEmailBinding
com.kee.helloworld.databinding.LayoutMainBinding:
    public synthetic bridge android.view.View getRoot()
com.kee.helloworld.phonenum.EmailActivity:
    private androidx.activity.result.ActivityResultLauncher credentialLauncher
    private final void showGoogleAccountPicker()
com.kee.helloworld.phonenum.LoginActivity:
    public final androidx.activity.result.ActivityResultLauncher getPhoneNumberHintIntentResultLauncher()
com.kee.helloworld.sms.SmsMainActivity:
    public final void readFile()
com.kee.helloworld.sms.util.SmsExt
...
kotlin.io.path.PathsKt__PathRecursiveFunctionsKt
kotlin.io.path.PathsKt__PathUtilsKt
kotlin.jdk7.AutoCloseableKt$AutoCloseable$1
kotlin.jdk7.AutoCloseableKt
kotlin.js.ExperimentalJsCollectionsApi
kotlin.js.ExperimentalJsExport
kotlin.js.ExperimentalJsFileName
kotlin.js.ExperimentalJsReflectionCreateInstance
kotlin.js.ExperimentalJsStatic
kotlin.jvm.ImplicitlyActualizedByJvmDeclaration
kotlin.jvm.JvmClassMappingKt:
    public static final kotlin.reflect.KClass getAnnotationClass(java.lang.annotation.Annotation)
    private static final java.lang.Class getDeclaringJavaClass(java.lang.Enum)
    public static synthetic void getDeclaringJavaClass$annotations(java.lang.Enum)
    public static final java.lang.Class getJavaClass(java.lang.Object)
    public static synthetic void getJavaClass$annotations(kotlin.reflect.KClass)
    public static final java.lang.Class getJavaPrimitiveType(kotlin.reflect.KClass)
    public static final java.lang.Class getRuntimeClassOfKClassInstance(kotlin.reflect.KClass)
    public static synthetic void getRuntimeClassOfKClassInstance$annotations(kotlin.reflect.KClass)
    public static final synthetic boolean isArrayOf(java.lang.Object[])
kotlin.jvm.JvmDefault
kotlin.jvm.JvmDefaultWithCompatibility
kotlin.jvm.JvmDefaultWithoutCompatibility
kotlin.jvm.JvmField
kotlin.jvm.JvmInline
kotlin.jvm.JvmMultifileClass
kotlin.jvm.JvmName
kotlin.jvm.JvmOverloads
kotlin.jvm.JvmPackageName
kotlin.jvm.JvmRecord
kotlin.jvm.JvmSerializableLambda
kotlin.jvm.JvmStatic
kotlin.jvm.JvmSuppressWildcards
kotlin.jvm.JvmSynthetic
kotlin.jvm.JvmWildcard
kotlin.jvm.KotlinReflectionNotSupportedError:
    public void <init>(java.lang.String)
    public void <init>(java.lang.String,java.lang.Throwable)
    public void <init>(java.lang.Throwable)
kotlin.jvm.PurelyImplements
kotlin.jvm.Strictfp
kotlin.jvm.Synchronized
kotlin.jvm.Throws
kotlin.jvm.Transient
kotlin.jvm.Volatile
kotlin.jvm.functions.Function10:
    public abstract java.lang.Object invoke(java.lang.Object,java.lang.Object,java.lang.Object,java.lang.Object,java.lang.Object,java.lang.Object,java.lang.Object,java.lang.Object,java.lang.Object,java.lang.Object)
kotlin.jvm.functions.Function11:
    public abstract java.lang.Object invoke(java.lang.Object,java.lang.Object,java.lang.Object,java.lang.Object,java.lang.Object,java.lang.Object,java.lang.Object,java.lang.Object,java.lang.Object,java.lang.Object,java.lang.Object)
kotlin.jvm.functions.Function12:
    public abstract java.lang.Object invoke(java.lang.Object,java.lang.Object,java.lang.Object,java.lang.Object,java.lang.Object,java.lang.Object,java.lang.Object,java.lang.Object,java.lang.Object,java.lang.Object,java.lang.Object,java.lang.Object)
kotlin.jvm.functions.Function13:
    public abstract java.lang.Object invoke(java.lang.Object,java.lang.Object,java.lang.Object,java.lang.Object,java.lang.Object,java.lang.Object,java.lang.Object,java.lang.Object,java.lang.Object,java.lang.Object,java.lang.Object,java.lang.Object,java.lang.Object)
kotlin.jvm.functions.Function14:
    public abstract java.lang.Object invoke(java.lang.Object,java.lang.Object,java.lang.Object,java.lang.Object,java.lang.Object,java.lang.Object,java.lang.Object,java.lang.Object,java.lang.Object,java.lang.Object,java.lang.Object,java.lang.Object,java.lang.Object,java.lang.Object)
kotlin.jvm.functions.Function15:
    public abstract java.lang.Object invoke(java.lang.Object,java.lang.Object,java.lang.Object,java.lang.Object,java.lang.Object,java.lang.Object,java.lang.Object,java.lang.Object,java.lang.Object,java.lang.Object,java.lang.Object,java.lang.Object,java.lang.Object,java.lang.Object,java.lang.Object)
kotlin.jvm.functions.Function16:
    public abstract java.lang.Object invoke(java.lang.Object,java.lang.Object,java.lang.Object,java.lang.Object,java.lang.Object,java.lang.Object,java.lang.Object,java.lang.Object,java.lang.Object,java.lang.Object,java.lang.Object,java.lang.Object,java.lang.Object,java.lang.Object,java.lang.Object,java.lang.Object)